Determining if the pthread_create exist failed with the following output:
Change Dir: /home/tom/Desktop/CSCE 350/Project 4/program-4-350-ntvieira/cmake-build-debug/CMakeFiles/CMakeTmp

Run Build Command:"/usr/bin/make" "cmTC_f0a1e/fast"
/usr/bin/make -f CMakeFiles/cmTC_f0a1e.dir/build.make CMakeFiles/cmTC_f0a1e.dir/build
make[1]: Entering directory '/home/tom/Desktop/CSCE 350/Project 4/program-4-350-ntvieira/cmake-build-debug/CMakeFiles/CMakeTmp'
Building C object CMakeFiles/cmTC_f0a1e.dir/CheckSymbolExists.c.o
/usr/bin/cc    -o CMakeFiles/cmTC_f0a1e.dir/CheckSymbolExists.c.o   -c "/home/tom/Desktop/CSCE 350/Project 4/program-4-350-ntvieira/cmake-build-debug/CMakeFiles/CMakeTmp/CheckSymbolExists.c"
Linking C executable cmTC_f0a1e
/home/tom/Desktop/clion-2018.1.6/bin/cmake/bin/cmake -E cmake_link_script CMakeFiles/cmTC_f0a1e.dir/link.txt --verbose=1
/usr/bin/cc      -rdynamic CMakeFiles/cmTC_f0a1e.dir/CheckSymbolExists.c.o  -o cmTC_f0a1e 
CMakeFiles/cmTC_f0a1e.dir/CheckSymbolExists.c.o: In function `main':
CheckSymbolExists.c:(.text+0x16): undefined reference to `pthread_create'
collect2: error: ld returned 1 exit status
CMakeFiles/cmTC_f0a1e.dir/build.make:97: recipe for target 'cmTC_f0a1e' failed
make[1]: *** [cmTC_f0a1e] Error 1
make[1]: Leaving directory '/home/tom/Desktop/CSCE 350/Project 4/program-4-350-ntvieira/cmake-build-debug/CMakeFiles/CMakeTmp'
Makefile:126: recipe for target 'cmTC_f0a1e/fast' failed
make: *** [cmTC_f0a1e/fast] Error 2

File /home/tom/Desktop/CSCE 350/Project 4/program-4-350-ntvieira/cmake-build-debug/CMakeFiles/CMakeTmp/CheckSymbolExists.c:
/* */
#include <pthread.h>

int main(int argc, char** argv)
{
  (void)argv;
#ifndef pthread_create
  return ((int*)(&pthread_create))[argc];
#else
  (void)argc;
  return 0;
#endif
}

Determining if the function pthread_create exists in the pthreads failed with the following output:
Change Dir: /home/tom/Desktop/CSCE 350/Project 4/program-4-350-ntvieira/cmake-build-debug/CMakeFiles/CMakeTmp

Run Build Command:"/usr/bin/make" "cmTC_ea45a/fast"
/usr/bin/make -f CMakeFiles/cmTC_ea45a.dir/build.make CMakeFiles/cmTC_ea45a.dir/build
make[1]: Entering directory '/home/tom/Desktop/CSCE 350/Project 4/program-4-350-ntvieira/cmake-build-debug/CMakeFiles/CMakeTmp'
Building C object CMakeFiles/cmTC_ea45a.dir/CheckFunctionExists.c.o
/usr/bin/cc   -DCHECK_FUNCTION_EXISTS=pthread_create   -o CMakeFiles/cmTC_ea45a.dir/CheckFunctionExists.c.o   -c /home/tom/Desktop/clion-2018.1.6/bin/cmake/share/cmake-3.10/Modules/CheckFunctionExists.c
Linking C executable cmTC_ea45a
/home/tom/Desktop/clion-2018.1.6/bin/cmake/bin/cmake -E cmake_link_script CMakeFiles/cmTC_ea45a.dir/link.txt --verbose=1
/usr/bin/cc  -DCHECK_FUNCTION_EXISTS=pthread_create    -rdynamic CMakeFiles/cmTC_ea45a.dir/CheckFunctionExists.c.o  -o cmTC_ea45a -lpthreads 
/usr/bin/ld: cannot find -lpthreads
collect2: error: ld returned 1 exit status
CMakeFiles/cmTC_ea45a.dir/build.make:97: recipe for target 'cmTC_ea45a' failed
make[1]: *** [cmTC_ea45a] Error 1
make[1]: Leaving directory '/home/tom/Desktop/CSCE 350/Project 4/program-4-350-ntvieira/cmake-build-debug/CMakeFiles/CMakeTmp'
Makefile:126: recipe for target 'cmTC_ea45a/fast' failed
make: *** [cmTC_ea45a/fast] Error 2


